<?xml version="1.0" encoding="UTF-8"?>
<testsuite xmlns:xsi="http://www.w3.org/2001/XMLSchema-instance" xsi:noNamespaceSchemaLocation="https://maven.apache.org/surefire/maven-surefire-plugin/xsd/surefire-test-report-3.0.xsd" version="3.0" name="webdemo.seleniumDemo.XPathTest" time="6.273" tests="7" errors="0" skipped="0" failures="0">
  <properties>
[...]
</properties>
  <testcase name="testNameNode" classname="webdemo.seleniumDemo.XPathTest" time="0.443"/>
  <testcase name="testDoubleDotsNode" classname="webdemo.seleniumDemo.XPathTest" time="1.218"/>
  <testcase name="testDoubleSlashNode" classname="webdemo.seleniumDemo.XPathTest" time="0.254"/>
  <testcase name="testAtributeNode" classname="webdemo.seleniumDemo.XPathTest" time="0.274"/>
  <testcase name="testExactAtributeNode" classname="webdemo.seleniumDemo.XPathTest" time="0.219"/>
  <testcase name="testSecondInputNode" classname="webdemo.seleniumDemo.XPathTest" time="0.222"/>
  <testcase name="testSlashNode" classname="webdemo.seleniumDemo.XPathTest" time="0.212"/>
</testsuite>